<?xml version="1.0" encoding="UTF-8"?>
<coverage generated="1776256388380" clover="3.2.0">
  <project timestamp="1776256388380" name="All files">
    <metrics statements="6" coveredstatements="6" conditionals="16" coveredconditionals="16" methods="2" coveredmethods="2" elements="24" coveredelements="24" complexity="0" loc="6" ncloc="6" packages="2" files="2" classes="2"/>
    <package name="lib">
      <metrics statements="3" coveredstatements="3" conditionals="8" coveredconditionals="8" methods="1" coveredmethods="1"/>
      <file name="brzycki.ts" path="C:\Users\franc\proyecto\Tonterias\pesos\src\shared\lib\brzycki.ts">
        <metrics statements="3" coveredstatements="3" conditionals="8" coveredconditionals="8" methods="1" coveredmethods="1"/>
        <line num="2" count="9" type="cond" truecount="6" falsecount="0"/>
        <line num="3" count="5" type="cond" truecount="2" falsecount="0"/>
        <line num="4" count="3" type="stmt"/>
      </file>
    </package>
    <package name="lib.lib">
      <metrics statements="3" coveredstatements="3" conditionals="8" coveredconditionals="8" methods="1" coveredmethods="1"/>
      <file name="brzycki.ts" path="C:\Users\franc\proyecto\Tonterias\pesos\src\shared\lib\lib\brzycki.ts">
        <metrics statements="3" coveredstatements="3" conditionals="8" coveredconditionals="8" methods="1" coveredmethods="1"/>
        <line num="2" count="5" type="cond" truecount="6" falsecount="0"/>
        <line num="3" count="4" type="cond" truecount="2" falsecount="0"/>
        <line num="4" count="3" type="stmt"/>
      </file>
    </package>
  </project>
</coverage>
