{
  "/home/franvi/proyecto/pesos/src/features/workout/stores/workoutStore.ts": {
    "path": "/home/franvi/proyecto/pesos/src/features/workout/stores/workoutStore.ts",
    "statementMap": {
      "0": { "start": { "line": 7, "column": 22 }, "end": { "line": 12, "column": null } },
      "1": { "start": { "line": 8, "column": 31 }, "end": { "line": 8, "column": 50 } },
      "2": { "start": { "line": 40, "column": 16 }, "end": { "line": 45, "column": null } },
      "3": { "start": { "line": 40, "column": 72 }, "end": { "line": 45, "column": null } },
      "4": { "start": { "line": 47, "column": 13 }, "end": { "line": 189, "column": null } },
      "5": { "start": { "line": 49, "column": 19 }, "end": { "line": 177, "column": null } },
      "6": { "start": { "line": 58, "column": 8 }, "end": { "line": 58, "column": null } },
      "7": { "start": { "line": 58, "column": 39 }, "end": { "line": 58, "column": null } },
      "8": { "start": { "line": 59, "column": 27 }, "end": { "line": 59, "column": null } },
      "9": { "start": { "line": 60, "column": 8 }, "end": { "line": 65, "column": null } },
      "10": { "start": { "line": 63, "column": 40 }, "end": { "line": 63, "column": 81 } },
      "11": { "start": { "line": 69, "column": 33 }, "end": { "line": 69, "column": null } },
      "12": { "start": { "line": 70, "column": 8 }, "end": { "line": 73, "column": null } },
      "13": { "start": { "line": 75, "column": 47 }, "end": { "line": 75, "column": null } },
      "14": { "start": { "line": 76, "column": 47 }, "end": { "line": 76, "column": null } },
      "15": { "start": { "line": 79, "column": 21 }, "end": { "line": 79, "column": null } },
      "16": { "start": { "line": 80, "column": 8 }, "end": { "line": 80, "column": null } },
      "17": { "start": { "line": 83, "column": 39 }, "end": { "line": 83, "column": null } },
      "18": { "start": { "line": 86, "column": 24 }, "end": { "line": 86, "column": null } },
      "19": { "start": { "line": 87, "column": 8 }, "end": { "line": 87, "column": null } },
      "20": { "start": { "line": 88, "column": 8 }, "end": { "line": 88, "column": null } },
      "21": { "start": { "line": 92, "column": 8 }, "end": { "line": 92, "column": null } },
      "22": { "start": { "line": 92, "column": 48 }, "end": { "line": 92, "column": 59 } },
      "23": { "start": { "line": 96, "column": 8 }, "end": { "line": 96, "column": null } },
      "24": { "start": { "line": 100, "column": 91 }, "end": { "line": 100, "column": null } },
      "25": { "start": { "line": 102, "column": 25 }, "end": { "line": 102, "column": null } },
      "26": { "start": { "line": 104, "column": 8 }, "end": { "line": 116, "column": null } },
      "27": { "start": { "line": 105, "column": 34 }, "end": { "line": 113, "column": null } },
      "28": { "start": { "line": 114, "column": 10 }, "end": { "line": 114, "column": null } },
      "29": { "start": { "line": 114, "column": 21 }, "end": { "line": 114, "column": null } },
      "30": { "start": { "line": 115, "column": 10 }, "end": { "line": 115, "column": null } },
      "31": { "start": { "line": 118, "column": 8 }, "end": { "line": 118, "column": null } },
      "32": { "start": { "line": 118, "column": 25 }, "end": { "line": 118, "column": null } },
      "33": { "start": { "line": 120, "column": 26 }, "end": { "line": 123, "column": null } },
      "34": { "start": { "line": 121, "column": 25 }, "end": { "line": 121, "column": null } },
      "35": { "start": { "line": 122, "column": 10 }, "end": { "line": 122, "column": null } },
      "36": { "start": { "line": 124, "column": 8 }, "end": { "line": 125, "column": null } },
      "37": { "start": { "line": 125, "column": 10 }, "end": { "line": 125, "column": null } },
      "38": { "start": { "line": 127, "column": 8 }, "end": { "line": 166, "column": null } },
      "39": { "start": { "line": 128, "column": 47 }, "end": { "line": 136, "column": null } },
      "40": { "start": { "line": 138, "column": 10 }, "end": { "line": 138, "column": null } },
      "41": { "start": { "line": 138, "column": 23 }, "end": { "line": 138, "column": null } },
      "42": { "start": { "line": 139, "column": 10 }, "end": { "line": 139, "column": null } },
      "43": { "start": { "line": 139, "column": 19 }, "end": { "line": 139, "column": null } },
      "44": { "start": { "line": 141, "column": 31 }, "end": { "line": 148, "column": null } },
      "45": { "start": { "line": 141, "column": 56 }, "end": { "line": 148, "column": 12 } },
      "46": { "start": { "line": 150, "column": 41 }, "end": { "line": 150, "column": null } },
      "47": { "start": { "line": 151, "column": 10 }, "end": { "line": 151, "column": null } },
      "48": { "start": { "line": 151, "column": 27 }, "end": { "line": 151, "column": null } },
      "49": { "start": { "line": 153, "column": 10 }, "end": { "line": 159, "column": null } },
      "50": { "start": { "line": 161, "column": 10 }, "end": { "line": 161, "column": null } },
      "51": { "start": { "line": 163, "column": 26 }, "end": { "line": 163, "column": null } },
      "52": { "start": { "line": 164, "column": 10 }, "end": { "line": 164, "column": null } },
      "53": { "start": { "line": 165, "column": 10 }, "end": { "line": 165, "column": null } },
      "54": { "start": { "line": 170, "column": 8 }, "end": { "line": 176, "column": null } },
      "55": { "start": { "line": 180, "column": 39 }, "end": { "line": 180, "column": 51 } },
      "56": { "start": { "line": 181, "column": 30 }, "end": { "line": 186, "column": null } }
    },
    "fnMap": {
      "0": {
        "name": "(anonymous_0)",
        "decl": { "start": { "line": 8, "column": 25 }, "end": { "line": 8, "column": 31 } },
        "loc": { "start": { "line": 8, "column": 31 }, "end": { "line": 8, "column": 50 } },
        "line": 8
      },
      "1": {
        "name": "(anonymous_1)",
        "decl": { "start": { "line": 40, "column": 16 }, "end": { "line": 40, "column": 17 } },
        "loc": { "start": { "line": 40, "column": 72 }, "end": { "line": 45, "column": null } },
        "line": 40
      },
      "2": {
        "name": "(anonymous_2)",
        "decl": { "start": { "line": 49, "column": 4 }, "end": { "line": 49, "column": 5 } },
        "loc": { "start": { "line": 49, "column": 19 }, "end": { "line": 177, "column": null } },
        "line": 49
      },
      "3": {
        "name": "(anonymous_3)",
        "decl": { "start": { "line": 57, "column": 21 }, "end": { "line": 57, "column": 22 } },
        "loc": { "start": { "line": 57, "column": 51 }, "end": { "line": 66, "column": null } },
        "line": 57
      },
      "4": {
        "name": "(anonymous_4)",
        "decl": { "start": { "line": 63, "column": 33 }, "end": { "line": 63, "column": 34 } },
        "loc": { "start": { "line": 63, "column": 40 }, "end": { "line": 63, "column": 81 } },
        "line": 63
      },
      "5": {
        "name": "(anonymous_5)",
        "decl": { "start": { "line": 68, "column": 25 }, "end": { "line": 68, "column": 26 } },
        "loc": { "start": { "line": 68, "column": 48 }, "end": { "line": 74, "column": null } },
        "line": 68
      },
      "6": {
        "name": "(anonymous_6)",
        "decl": { "start": { "line": 75, "column": 29 }, "end": { "line": 75, "column": 30 } },
        "loc": { "start": { "line": 75, "column": 47 }, "end": { "line": 75, "column": null } },
        "line": 75
      },
      "7": {
        "name": "(anonymous_7)",
        "decl": { "start": { "line": 76, "column": 28 }, "end": { "line": 76, "column": 29 } },
        "loc": { "start": { "line": 76, "column": 47 }, "end": { "line": 76, "column": null } },
        "line": 76
      },
      "8": {
        "name": "(anonymous_8)",
        "decl": { "start": { "line": 78, "column": 14 }, "end": { "line": 78, "column": 20 } },
        "loc": { "start": { "line": 78, "column": 20 }, "end": { "line": 81, "column": null } },
        "line": 78
      },
      "9": {
        "name": "(anonymous_9)",
        "decl": { "start": { "line": 83, "column": 15 }, "end": { "line": 83, "column": 16 } },
        "loc": { "start": { "line": 83, "column": 39 }, "end": { "line": 83, "column": null } },
        "line": 83
      },
      "10": {
        "name": "(anonymous_10)",
        "decl": { "start": { "line": 85, "column": 17 }, "end": { "line": 85, "column": 18 } },
        "loc": { "start": { "line": 85, "column": 60 }, "end": { "line": 89, "column": null } },
        "line": 85
      },
      "11": {
        "name": "(anonymous_11)",
        "decl": { "start": { "line": 91, "column": 17 }, "end": { "line": 91, "column": 18 } },
        "loc": { "start": { "line": 91, "column": 36 }, "end": { "line": 93, "column": null } },
        "line": 91
      },
      "12": {
        "name": "(anonymous_12)",
        "decl": { "start": { "line": 92, "column": 38 }, "end": { "line": 92, "column": 39 } },
        "loc": { "start": { "line": 92, "column": 48 }, "end": { "line": 92, "column": 59 } },
        "line": 92
      },
      "13": {
        "name": "(anonymous_13)",
        "decl": { "start": { "line": 95, "column": 21 }, "end": { "line": 95, "column": 27 } },
        "loc": { "start": { "line": 95, "column": 27 }, "end": { "line": 97, "column": null } },
        "line": 95
      },
      "14": {
        "name": "(anonymous_14)",
        "decl": { "start": { "line": 99, "column": 19 }, "end": { "line": 99, "column": 26 } },
        "loc": { "start": { "line": 99, "column": 45 }, "end": { "line": 167, "column": null } },
        "line": 99
      },
      "15": {
        "name": "(anonymous_15)",
        "decl": { "start": { "line": 120, "column": 41 }, "end": { "line": 120, "column": 42 } },
        "loc": { "start": { "line": 120, "column": 48 }, "end": { "line": 123, "column": 9 } },
        "line": 120
      },
      "16": {
        "name": "(anonymous_16)",
        "decl": { "start": { "line": 141, "column": 45 }, "end": { "line": 141, "column": 46 } },
        "loc": { "start": { "line": 141, "column": 56 }, "end": { "line": 148, "column": 12 } },
        "line": 141
      },
      "17": {
        "name": "(anonymous_17)",
        "decl": { "start": { "line": 169, "column": 27 }, "end": { "line": 169, "column": null } },
        "loc": { "start": { "line": 170, "column": 8 }, "end": { "line": 176, "column": null } },
        "line": 170
      },
      "18": {
        "name": "(anonymous_18)",
        "decl": { "start": { "line": 180, "column": 33 }, "end": { "line": 180, "column": 39 } },
        "loc": { "start": { "line": 180, "column": 39 }, "end": { "line": 180, "column": 51 } },
        "line": 180
      },
      "19": {
        "name": "(anonymous_19)",
        "decl": { "start": { "line": 181, "column": 18 }, "end": { "line": 181, "column": 19 } },
        "loc": { "start": { "line": 181, "column": 30 }, "end": { "line": 186, "column": null } },
        "line": 181
      }
    },
    "branchMap": {
      "0": {
        "loc": { "start": { "line": 40, "column": 17 }, "end": { "line": 40, "column": 28 } },
        "type": "default-arg",
        "locations": [
          { "start": { "line": 40, "column": 24 }, "end": { "line": 40, "column": 28 } }
        ],
        "line": 40
      },
      "1": {
        "loc": { "start": { "line": 40, "column": 28 }, "end": { "line": 40, "column": 41 } },
        "type": "default-arg",
        "locations": [
          { "start": { "line": 40, "column": 37 }, "end": { "line": 40, "column": 41 } }
        ],
        "line": 40
      },
      "2": {
        "loc": { "start": { "line": 40, "column": 41 }, "end": { "line": 40, "column": 72 } },
        "type": "default-arg",
        "locations": [
          { "start": { "line": 40, "column": 52 }, "end": { "line": 40, "column": 72 } }
        ],
        "line": 40
      },
      "3": {
        "loc": { "start": { "line": 58, "column": 8 }, "end": { "line": 58, "column": null } },
        "type": "if",
        "locations": [
          { "start": { "line": 58, "column": 8 }, "end": { "line": 58, "column": null } },
          { "start": {}, "end": {} }
        ],
        "line": 58
      },
      "4": {
        "loc": { "start": { "line": 72, "column": 21 }, "end": { "line": 72, "column": null } },
        "type": "cond-expr",
        "locations": [
          { "start": { "line": 72, "column": 28 }, "end": { "line": 72, "column": 74 } },
          { "start": { "line": 72, "column": 74 }, "end": { "line": 72, "column": null } }
        ],
        "line": 72
      },
      "5": {
        "loc": { "start": { "line": 72, "column": 21 }, "end": { "line": 72, "column": 47 } },
        "type": "binary-expr",
        "locations": [
          { "start": { "line": 72, "column": 21 }, "end": { "line": 72, "column": 27 } },
          { "start": { "line": 72, "column": 27 }, "end": { "line": 72, "column": 47 } }
        ],
        "line": 72
      },
      "6": {
        "loc": { "start": { "line": 80, "column": 36 }, "end": { "line": 80, "column": 86 } },
        "type": "cond-expr",
        "locations": [
          { "start": { "line": 80, "column": 43 }, "end": { "line": 80, "column": 77 } },
          { "start": { "line": 80, "column": 77 }, "end": { "line": 80, "column": 86 } }
        ],
        "line": 80
      },
      "7": {
        "loc": { "start": { "line": 104, "column": 8 }, "end": { "line": 116, "column": null } },
        "type": "if",
        "locations": [
          { "start": { "line": 104, "column": 8 }, "end": { "line": 116, "column": null } },
          { "start": {}, "end": {} }
        ],
        "line": 104
      },
      "8": {
        "loc": { "start": { "line": 104, "column": 12 }, "end": { "line": 104, "column": 60 } },
        "type": "binary-expr",
        "locations": [
          { "start": { "line": 104, "column": 12 }, "end": { "line": 104, "column": 33 } },
          { "start": { "line": 104, "column": 33 }, "end": { "line": 104, "column": 60 } }
        ],
        "line": 104
      },
      "9": {
        "loc": { "start": { "line": 114, "column": 10 }, "end": { "line": 114, "column": null } },
        "type": "if",
        "locations": [
          { "start": { "line": 114, "column": 10 }, "end": { "line": 114, "column": null } },
          { "start": {}, "end": {} }
        ],
        "line": 114
      },
      "10": {
        "loc": { "start": { "line": 118, "column": 8 }, "end": { "line": 118, "column": null } },
        "type": "if",
        "locations": [
          { "start": { "line": 118, "column": 8 }, "end": { "line": 118, "column": null } },
          { "start": {}, "end": {} }
        ],
        "line": 118
      },
      "11": {
        "loc": { "start": { "line": 122, "column": 17 }, "end": { "line": 122, "column": null } },
        "type": "binary-expr",
        "locations": [
          { "start": { "line": 122, "column": 17 }, "end": { "line": 122, "column": 35 } },
          { "start": { "line": 122, "column": 35 }, "end": { "line": 122, "column": 57 } },
          { "start": { "line": 122, "column": 57 }, "end": { "line": 122, "column": null } }
        ],
        "line": 122
      },
      "12": {
        "loc": { "start": { "line": 124, "column": 8 }, "end": { "line": 125, "column": null } },
        "type": "if",
        "locations": [
          { "start": { "line": 124, "column": 8 }, "end": { "line": 125, "column": null } },
          { "start": {}, "end": {} }
        ],
        "line": 124
      },
      "13": {
        "loc": { "start": { "line": 132, "column": 26 }, "end": { "line": 132, "column": null } },
        "type": "binary-expr",
        "locations": [
          { "start": { "line": 132, "column": 26 }, "end": { "line": 132, "column": 45 } },
          { "start": { "line": 132, "column": 32 }, "end": { "line": 132, "column": null } }
        ],
        "line": 132
      },
      "14": {
        "loc": { "start": { "line": 138, "column": 10 }, "end": { "line": 138, "column": null } },
        "type": "if",
        "locations": [
          { "start": { "line": 138, "column": 10 }, "end": { "line": 138, "column": null } },
          { "start": {}, "end": {} }
        ],
        "line": 138
      },
      "15": {
        "loc": { "start": { "line": 139, "column": 10 }, "end": { "line": 139, "column": null } },
        "type": "if",
        "locations": [
          { "start": { "line": 139, "column": 10 }, "end": { "line": 139, "column": null } },
          { "start": {}, "end": {} }
        ],
        "line": 139
      },
      "16": {
        "loc": { "start": { "line": 151, "column": 10 }, "end": { "line": 151, "column": null } },
        "type": "if",
        "locations": [
          { "start": { "line": 151, "column": 10 }, "end": { "line": 151, "column": null } },
          { "start": {}, "end": {} }
        ],
        "line": 151
      },
      "17": {
        "loc": { "start": { "line": 163, "column": 26 }, "end": { "line": 163, "column": null } },
        "type": "cond-expr",
        "locations": [
          { "start": { "line": 163, "column": 49 }, "end": { "line": 163, "column": 63 } },
          { "start": { "line": 163, "column": 63 }, "end": { "line": 163, "column": null } }
        ],
        "line": 163
      }
    },
    "s": {
      "0": 1,
      "1": 0,
      "2": 1,
      "3": 6,
      "4": 1,
      "5": 1,
      "6": 0,
      "7": 0,
      "8": 0,
      "9": 0,
      "10": 0,
      "11": 2,
      "12": 2,
      "13": 1,
      "14": 0,
      "15": 6,
      "16": 6,
      "17": 0,
      "18": 4,
      "19": 4,
      "20": 4,
      "21": 1,
      "22": 2,
      "23": 1,
      "24": 0,
      "25": 0,
      "26": 0,
      "27": 0,
      "28": 0,
      "29": 0,
      "30": 0,
      "31": 0,
      "32": 0,
      "33": 0,
      "34": 0,
      "35": 0,
      "36": 0,
      "37": 0,
      "38": 0,
      "39": 0,
      "40": 0,
      "41": 0,
      "42": 0,
      "43": 0,
      "44": 0,
      "45": 0,
      "46": 0,
      "47": 0,
      "48": 0,
      "49": 0,
      "50": 0,
      "51": 0,
      "52": 0,
      "53": 0,
      "54": 10,
      "55": 1,
      "56": 0
    },
    "f": {
      "0": 0,
      "1": 6,
      "2": 1,
      "3": 0,
      "4": 0,
      "5": 2,
      "6": 1,
      "7": 0,
      "8": 6,
      "9": 0,
      "10": 4,
      "11": 1,
      "12": 2,
      "13": 1,
      "14": 0,
      "15": 0,
      "16": 0,
      "17": 10,
      "18": 1,
      "19": 0
    },
    "b": {
      "0": [6],
      "1": [6],
      "2": [6],
      "3": [0, 0],
      "4": [2, 0],
      "5": [2, 2],
      "6": [4, 2],
      "7": [0, 0],
      "8": [0, 0],
      "9": [0, 0],
      "10": [0, 0],
      "11": [0, 0, 0],
      "12": [0, 0],
      "13": [0, 0],
      "14": [0, 0],
      "15": [0, 0],
      "16": [0, 0],
      "17": [0, 0]
    },
    "meta": {
      "lastBranch": 18,
      "lastFunction": 20,
      "lastStatement": 57,
      "seen": {
        "s:7:22:12:Infinity": 0,
        "f:8:25:8:31": 0,
        "s:8:31:8:50": 1,
        "s:40:16:45:Infinity": 2,
        "f:40:16:40:17": 1,
        "s:40:72:45:Infinity": 3,
        "b:40:24:40:28": 0,
        "b:40:37:40:41": 1,
        "b:40:52:40:72": 2,
        "s:47:13:189:Infinity": 4,
        "f:49:4:49:5": 2,
        "s:49:19:177:Infinity": 5,
        "f:57:21:57:22": 3,
        "b:58:8:58:Infinity:undefined:undefined:undefined:undefined": 3,
        "s:58:8:58:Infinity": 6,
        "s:58:39:58:Infinity": 7,
        "s:59:27:59:Infinity": 8,
        "s:60:8:65:Infinity": 9,
        "f:63:33:63:34": 4,
        "s:63:40:63:81": 10,
        "f:68:25:68:26": 5,
        "s:69:33:69:Infinity": 11,
        "s:70:8:73:Infinity": 12,
        "b:72:28:72:74:72:74:72:Infinity": 4,
        "b:72:21:72:27:72:27:72:47": 5,
        "f:75:29:75:30": 6,
        "s:75:47:75:Infinity": 13,
        "f:76:28:76:29": 7,
        "s:76:47:76:Infinity": 14,
        "f:78:14:78:20": 8,
        "s:79:21:79:Infinity": 15,
        "s:80:8:80:Infinity": 16,
        "b:80:43:80:77:80:77:80:86": 6,
        "f:83:15:83:16": 9,
        "s:83:39:83:Infinity": 17,
        "f:85:17:85:18": 10,
        "s:86:24:86:Infinity": 18,
        "s:87:8:87:Infinity": 19,
        "s:88:8:88:Infinity": 20,
        "f:91:17:91:18": 11,
        "s:92:8:92:Infinity": 21,
        "f:92:38:92:39": 12,
        "s:92:48:92:59": 22,
        "f:95:21:95:27": 13,
        "s:96:8:96:Infinity": 23,
        "f:99:19:99:26": 14,
        "s:100:91:100:Infinity": 24,
        "s:102:25:102:Infinity": 25,
        "b:104:8:116:Infinity:undefined:undefined:undefined:undefined": 7,
        "s:104:8:116:Infinity": 26,
        "b:104:12:104:33:104:33:104:60": 8,
        "s:105:34:113:Infinity": 27,
        "b:114:10:114:Infinity:undefined:undefined:undefined:undefined": 9,
        "s:114:10:114:Infinity": 28,
        "s:114:21:114:Infinity": 29,
        "s:115:10:115:Infinity": 30,
        "b:118:8:118:Infinity:undefined:undefined:undefined:undefined": 10,
        "s:118:8:118:Infinity": 31,
        "s:118:25:118:Infinity": 32,
        "s:120:26:123:Infinity": 33,
        "f:120:41:120:42": 15,
        "s:121:25:121:Infinity": 34,
        "s:122:10:122:Infinity": 35,
        "b:122:17:122:35:122:35:122:57:122:57:122:Infinity": 11,
        "b:124:8:125:Infinity:undefined:undefined:undefined:undefined": 12,
        "s:124:8:125:Infinity": 36,
        "s:125:10:125:Infinity": 37,
        "s:127:8:166:Infinity": 38,
        "s:128:47:136:Infinity": 39,
        "b:132:26:132:45:132:32:132:Infinity": 13,
        "b:138:10:138:Infinity:undefined:undefined:undefined:undefined": 14,
        "s:138:10:138:Infinity": 40,
        "s:138:23:138:Infinity": 41,
        "b:139:10:139:Infinity:undefined:undefined:undefined:undefined": 15,
        "s:139:10:139:Infinity": 42,
        "s:139:19:139:Infinity": 43,
        "s:141:31:148:Infinity": 44,
        "f:141:45:141:46": 16,
        "s:141:56:148:12": 45,
        "s:150:41:150:Infinity": 46,
        "b:151:10:151:Infinity:undefined:undefined:undefined:undefined": 16,
        "s:151:10:151:Infinity": 47,
        "s:151:27:151:Infinity": 48,
        "s:153:10:159:Infinity": 49,
        "s:161:10:161:Infinity": 50,
        "s:163:26:163:Infinity": 51,
        "b:163:49:163:63:163:63:163:Infinity": 17,
        "s:164:10:164:Infinity": 52,
        "s:165:10:165:Infinity": 53,
        "f:169:27:169:Infinity": 17,
        "s:170:8:176:Infinity": 54,
        "f:180:33:180:39": 18,
        "s:180:39:180:51": 55,
        "f:181:18:181:19": 19,
        "s:181:30:186:Infinity": 56
      }
    }
  },
  "/home/franvi/proyecto/pesos/src/shared/lib/brzycki.ts": {
    "path": "/home/franvi/proyecto/pesos/src/shared/lib/brzycki.ts",
    "statementMap": {
      "0": { "start": { "line": 8, "column": 2 }, "end": { "line": 8, "column": null } },
      "1": { "start": { "line": 8, "column": 52 }, "end": { "line": 8, "column": null } },
      "2": { "start": { "line": 9, "column": 2 }, "end": { "line": 9, "column": null } },
      "3": { "start": { "line": 9, "column": 18 }, "end": { "line": 9, "column": null } },
      "4": { "start": { "line": 10, "column": 2 }, "end": { "line": 10, "column": null } }
    },
    "fnMap": {
      "0": {
        "name": "calcular1RM",
        "decl": { "start": { "line": 7, "column": 16 }, "end": { "line": 7, "column": 28 } },
        "loc": { "start": { "line": 7, "column": 66 }, "end": { "line": 11, "column": null } },
        "line": 7
      }
    },
    "branchMap": {
      "0": {
        "loc": { "start": { "line": 8, "column": 2 }, "end": { "line": 8, "column": null } },
        "type": "if",
        "locations": [
          { "start": { "line": 8, "column": 2 }, "end": { "line": 8, "column": null } },
          { "start": {}, "end": {} }
        ],
        "line": 8
      },
      "1": {
        "loc": { "start": { "line": 8, "column": 6 }, "end": { "line": 8, "column": 52 } },
        "type": "binary-expr",
        "locations": [
          { "start": { "line": 8, "column": 6 }, "end": { "line": 8, "column": 17 } },
          { "start": { "line": 8, "column": 17 }, "end": { "line": 8, "column": 26 } },
          { "start": { "line": 8, "column": 26 }, "end": { "line": 8, "column": 41 } },
          { "start": { "line": 8, "column": 41 }, "end": { "line": 8, "column": 52 } }
        ],
        "line": 8
      },
      "2": {
        "loc": { "start": { "line": 9, "column": 2 }, "end": { "line": 9, "column": null } },
        "type": "if",
        "locations": [
          { "start": { "line": 9, "column": 2 }, "end": { "line": 9, "column": null } },
          { "start": {}, "end": {} }
        ],
        "line": 9
      }
    },
    "s": { "0": 9, "1": 4, "2": 5, "3": 2, "4": 3 },
    "f": { "0": 9 },
    "b": { "0": [4, 5], "1": [9, 8, 7, 6], "2": [2, 3] },
    "meta": {
      "lastBranch": 3,
      "lastFunction": 1,
      "lastStatement": 5,
      "seen": {
        "f:7:16:7:28": 0,
        "b:8:2:8:Infinity:undefined:undefined:undefined:undefined": 0,
        "s:8:2:8:Infinity": 0,
        "b:8:6:8:17:8:17:8:26:8:26:8:41:8:41:8:52": 1,
        "s:8:52:8:Infinity": 1,
        "b:9:2:9:Infinity:undefined:undefined:undefined:undefined": 2,
        "s:9:2:9:Infinity": 2,
        "s:9:18:9:Infinity": 3,
        "s:10:2:10:Infinity": 4
      }
    }
  }
}
