{
  "/home/franvi/proyecto/pesos/src/features/workout/stores/workoutStore.ts": {
    "path": "/home/franvi/proyecto/pesos/src/features/workout/stores/workoutStore.ts",
    "statementMap": {
      "0": { "start": { "line": 7, "column": 22 }, "end": { "line": 11, "column": null } },
      "1": { "start": { "line": 38, "column": 28 }, "end": { "line": 38, "column": null } },
      "2": { "start": { "line": 40, "column": 13 }, "end": { "line": 192, "column": null } },
      "3": { "start": { "line": 42, "column": 19 }, "end": { "line": 180, "column": null } },
      "4": { "start": { "line": 51, "column": 8 }, "end": { "line": 51, "column": null } },
      "5": { "start": { "line": 51, "column": 39 }, "end": { "line": 51, "column": null } },
      "6": { "start": { "line": 53, "column": 25 }, "end": { "line": 53, "column": null } },
      "7": { "start": { "line": 54, "column": 27 }, "end": { "line": 54, "column": null } },
      "8": { "start": { "line": 56, "column": 8 }, "end": { "line": 65, "column": null } },
      "9": { "start": { "line": 59, "column": 41 }, "end": { "line": 63, "column": 12 } },
      "10": { "start": { "line": 69, "column": 33 }, "end": { "line": 69, "column": null } },
      "11": { "start": { "line": 70, "column": 8 }, "end": { "line": 73, "column": null } },
      "12": { "start": { "line": 75, "column": 47 }, "end": { "line": 75, "column": null } },
      "13": { "start": { "line": 76, "column": 47 }, "end": { "line": 76, "column": null } },
      "14": { "start": { "line": 79, "column": 21 }, "end": { "line": 79, "column": null } },
      "15": { "start": { "line": 80, "column": 8 }, "end": { "line": 85, "column": null } },
      "16": { "start": { "line": 89, "column": 24 }, "end": { "line": 89, "column": null } },
      "17": { "start": { "line": 90, "column": 8 }, "end": { "line": 90, "column": null } },
      "18": { "start": { "line": 91, "column": 8 }, "end": { "line": 91, "column": null } },
      "19": { "start": { "line": 95, "column": 8 }, "end": { "line": 95, "column": null } },
      "20": { "start": { "line": 95, "column": 48 }, "end": { "line": 95, "column": 59 } },
      "21": { "start": { "line": 99, "column": 8 }, "end": { "line": 99, "column": null } },
      "22": { "start": { "line": 103, "column": 91 }, "end": { "line": 103, "column": null } },
      "23": { "start": { "line": 105, "column": 25 }, "end": { "line": 105, "column": null } },
      "24": { "start": { "line": 107, "column": 8 }, "end": { "line": 119, "column": null } },
      "25": { "start": { "line": 108, "column": 34 }, "end": { "line": 116, "column": null } },
      "26": { "start": { "line": 117, "column": 10 }, "end": { "line": 117, "column": null } },
      "27": { "start": { "line": 117, "column": 21 }, "end": { "line": 117, "column": null } },
      "28": { "start": { "line": 118, "column": 10 }, "end": { "line": 118, "column": null } },
      "29": { "start": { "line": 121, "column": 8 }, "end": { "line": 121, "column": null } },
      "30": { "start": { "line": 121, "column": 25 }, "end": { "line": 121, "column": null } },
      "31": { "start": { "line": 123, "column": 26 }, "end": { "line": 126, "column": null } },
      "32": { "start": { "line": 124, "column": 25 }, "end": { "line": 124, "column": null } },
      "33": { "start": { "line": 125, "column": 10 }, "end": { "line": 125, "column": null } },
      "34": { "start": { "line": 127, "column": 8 }, "end": { "line": 128, "column": null } },
      "35": { "start": { "line": 128, "column": 10 }, "end": { "line": 128, "column": null } },
      "36": { "start": { "line": 130, "column": 8 }, "end": { "line": 169, "column": null } },
      "37": { "start": { "line": 131, "column": 47 }, "end": { "line": 139, "column": null } },
      "38": { "start": { "line": 141, "column": 10 }, "end": { "line": 141, "column": null } },
      "39": { "start": { "line": 141, "column": 23 }, "end": { "line": 141, "column": null } },
      "40": { "start": { "line": 142, "column": 10 }, "end": { "line": 142, "column": null } },
      "41": { "start": { "line": 142, "column": 19 }, "end": { "line": 142, "column": null } },
      "42": { "start": { "line": 144, "column": 31 }, "end": { "line": 151, "column": null } },
      "43": { "start": { "line": 144, "column": 56 }, "end": { "line": 151, "column": 12 } },
      "44": { "start": { "line": 153, "column": 41 }, "end": { "line": 153, "column": null } },
      "45": { "start": { "line": 154, "column": 10 }, "end": { "line": 154, "column": null } },
      "46": { "start": { "line": 154, "column": 27 }, "end": { "line": 154, "column": null } },
      "47": { "start": { "line": 156, "column": 10 }, "end": { "line": 162, "column": null } },
      "48": { "start": { "line": 164, "column": 10 }, "end": { "line": 164, "column": null } },
      "49": { "start": { "line": 166, "column": 26 }, "end": { "line": 166, "column": null } },
      "50": { "start": { "line": 167, "column": 10 }, "end": { "line": 167, "column": null } },
      "51": { "start": { "line": 168, "column": 10 }, "end": { "line": 168, "column": null } },
      "52": { "start": { "line": 173, "column": 8 }, "end": { "line": 179, "column": null } },
      "53": { "start": { "line": 183, "column": 39 }, "end": { "line": 183, "column": 51 } },
      "54": { "start": { "line": 184, "column": 30 }, "end": { "line": 189, "column": null } }
    },
    "fnMap": {
      "0": {
        "name": "(anonymous_0)",
        "decl": { "start": { "line": 42, "column": 4 }, "end": { "line": 42, "column": 5 } },
        "loc": { "start": { "line": 42, "column": 19 }, "end": { "line": 180, "column": null } },
        "line": 42
      },
      "1": {
        "name": "(anonymous_1)",
        "decl": { "start": { "line": 50, "column": 21 }, "end": { "line": 50, "column": 22 } },
        "loc": { "start": { "line": 50, "column": 51 }, "end": { "line": 66, "column": null } },
        "line": 50
      },
      "2": {
        "name": "(anonymous_2)",
        "decl": { "start": { "line": 59, "column": 33 }, "end": { "line": 59, "column": 34 } },
        "loc": { "start": { "line": 59, "column": 41 }, "end": { "line": 63, "column": 12 } },
        "line": 59
      },
      "3": {
        "name": "(anonymous_3)",
        "decl": { "start": { "line": 68, "column": 25 }, "end": { "line": 68, "column": 26 } },
        "loc": { "start": { "line": 68, "column": 48 }, "end": { "line": 74, "column": null } },
        "line": 68
      },
      "4": {
        "name": "(anonymous_4)",
        "decl": { "start": { "line": 75, "column": 29 }, "end": { "line": 75, "column": 30 } },
        "loc": { "start": { "line": 75, "column": 47 }, "end": { "line": 75, "column": null } },
        "line": 75
      },
      "5": {
        "name": "(anonymous_5)",
        "decl": { "start": { "line": 76, "column": 28 }, "end": { "line": 76, "column": 29 } },
        "loc": { "start": { "line": 76, "column": 47 }, "end": { "line": 76, "column": null } },
        "line": 76
      },
      "6": {
        "name": "(anonymous_6)",
        "decl": { "start": { "line": 78, "column": 14 }, "end": { "line": 78, "column": 20 } },
        "loc": { "start": { "line": 78, "column": 20 }, "end": { "line": 86, "column": null } },
        "line": 78
      },
      "7": {
        "name": "(anonymous_7)",
        "decl": { "start": { "line": 88, "column": 17 }, "end": { "line": 88, "column": 18 } },
        "loc": { "start": { "line": 88, "column": 60 }, "end": { "line": 92, "column": null } },
        "line": 88
      },
      "8": {
        "name": "(anonymous_8)",
        "decl": { "start": { "line": 94, "column": 17 }, "end": { "line": 94, "column": 18 } },
        "loc": { "start": { "line": 94, "column": 36 }, "end": { "line": 96, "column": null } },
        "line": 94
      },
      "9": {
        "name": "(anonymous_9)",
        "decl": { "start": { "line": 95, "column": 38 }, "end": { "line": 95, "column": 39 } },
        "loc": { "start": { "line": 95, "column": 48 }, "end": { "line": 95, "column": 59 } },
        "line": 95
      },
      "10": {
        "name": "(anonymous_10)",
        "decl": { "start": { "line": 98, "column": 21 }, "end": { "line": 98, "column": 27 } },
        "loc": { "start": { "line": 98, "column": 27 }, "end": { "line": 100, "column": null } },
        "line": 98
      },
      "11": {
        "name": "(anonymous_11)",
        "decl": { "start": { "line": 102, "column": 19 }, "end": { "line": 102, "column": 26 } },
        "loc": { "start": { "line": 102, "column": 45 }, "end": { "line": 170, "column": null } },
        "line": 102
      },
      "12": {
        "name": "(anonymous_12)",
        "decl": { "start": { "line": 123, "column": 41 }, "end": { "line": 123, "column": 42 } },
        "loc": { "start": { "line": 123, "column": 48 }, "end": { "line": 126, "column": 9 } },
        "line": 123
      },
      "13": {
        "name": "(anonymous_13)",
        "decl": { "start": { "line": 144, "column": 45 }, "end": { "line": 144, "column": 46 } },
        "loc": { "start": { "line": 144, "column": 56 }, "end": { "line": 151, "column": 12 } },
        "line": 144
      },
      "14": {
        "name": "(anonymous_14)",
        "decl": { "start": { "line": 172, "column": 27 }, "end": { "line": 172, "column": null } },
        "loc": { "start": { "line": 173, "column": 8 }, "end": { "line": 179, "column": null } },
        "line": 173
      },
      "15": {
        "name": "(anonymous_15)",
        "decl": { "start": { "line": 183, "column": 33 }, "end": { "line": 183, "column": 39 } },
        "loc": { "start": { "line": 183, "column": 39 }, "end": { "line": 183, "column": 51 } },
        "line": 183
      },
      "16": {
        "name": "(anonymous_16)",
        "decl": { "start": { "line": 184, "column": 18 }, "end": { "line": 184, "column": 19 } },
        "loc": { "start": { "line": 184, "column": 30 }, "end": { "line": 189, "column": null } },
        "line": 184
      }
    },
    "branchMap": {
      "0": {
        "loc": { "start": { "line": 51, "column": 8 }, "end": { "line": 51, "column": null } },
        "type": "if",
        "locations": [
          { "start": { "line": 51, "column": 8 }, "end": { "line": 51, "column": null } },
          { "start": {}, "end": {} }
        ],
        "line": 51
      },
      "1": {
        "loc": { "start": { "line": 72, "column": 21 }, "end": { "line": 72, "column": null } },
        "type": "cond-expr",
        "locations": [
          { "start": { "line": 72, "column": 28 }, "end": { "line": 72, "column": 74 } },
          { "start": { "line": 72, "column": 74 }, "end": { "line": 72, "column": null } }
        ],
        "line": 72
      },
      "2": {
        "loc": { "start": { "line": 72, "column": 21 }, "end": { "line": 72, "column": 47 } },
        "type": "binary-expr",
        "locations": [
          { "start": { "line": 72, "column": 21 }, "end": { "line": 72, "column": 27 } },
          { "start": { "line": 72, "column": 27 }, "end": { "line": 72, "column": 47 } }
        ],
        "line": 72
      },
      "3": {
        "loc": { "start": { "line": 83, "column": 12 }, "end": { "line": 83, "column": null } },
        "type": "cond-expr",
        "locations": [
          { "start": { "line": 83, "column": 19 }, "end": { "line": 83, "column": 79 } },
          { "start": { "line": 83, "column": 79 }, "end": { "line": 83, "column": null } }
        ],
        "line": 83
      },
      "4": {
        "loc": { "start": { "line": 107, "column": 8 }, "end": { "line": 119, "column": null } },
        "type": "if",
        "locations": [
          { "start": { "line": 107, "column": 8 }, "end": { "line": 119, "column": null } },
          { "start": {}, "end": {} }
        ],
        "line": 107
      },
      "5": {
        "loc": { "start": { "line": 107, "column": 12 }, "end": { "line": 107, "column": 60 } },
        "type": "binary-expr",
        "locations": [
          { "start": { "line": 107, "column": 12 }, "end": { "line": 107, "column": 33 } },
          { "start": { "line": 107, "column": 33 }, "end": { "line": 107, "column": 60 } }
        ],
        "line": 107
      },
      "6": {
        "loc": { "start": { "line": 117, "column": 10 }, "end": { "line": 117, "column": null } },
        "type": "if",
        "locations": [
          { "start": { "line": 117, "column": 10 }, "end": { "line": 117, "column": null } },
          { "start": {}, "end": {} }
        ],
        "line": 117
      },
      "7": {
        "loc": { "start": { "line": 121, "column": 8 }, "end": { "line": 121, "column": null } },
        "type": "if",
        "locations": [
          { "start": { "line": 121, "column": 8 }, "end": { "line": 121, "column": null } },
          { "start": {}, "end": {} }
        ],
        "line": 121
      },
      "8": {
        "loc": { "start": { "line": 125, "column": 17 }, "end": { "line": 125, "column": null } },
        "type": "binary-expr",
        "locations": [
          { "start": { "line": 125, "column": 17 }, "end": { "line": 125, "column": 35 } },
          { "start": { "line": 125, "column": 35 }, "end": { "line": 125, "column": 57 } },
          { "start": { "line": 125, "column": 57 }, "end": { "line": 125, "column": null } }
        ],
        "line": 125
      },
      "9": {
        "loc": { "start": { "line": 127, "column": 8 }, "end": { "line": 128, "column": null } },
        "type": "if",
        "locations": [
          { "start": { "line": 127, "column": 8 }, "end": { "line": 128, "column": null } },
          { "start": {}, "end": {} }
        ],
        "line": 127
      },
      "10": {
        "loc": { "start": { "line": 135, "column": 26 }, "end": { "line": 135, "column": null } },
        "type": "binary-expr",
        "locations": [
          { "start": { "line": 135, "column": 26 }, "end": { "line": 135, "column": 45 } },
          { "start": { "line": 135, "column": 32 }, "end": { "line": 135, "column": null } }
        ],
        "line": 135
      },
      "11": {
        "loc": { "start": { "line": 141, "column": 10 }, "end": { "line": 141, "column": null } },
        "type": "if",
        "locations": [
          { "start": { "line": 141, "column": 10 }, "end": { "line": 141, "column": null } },
          { "start": {}, "end": {} }
        ],
        "line": 141
      },
      "12": {
        "loc": { "start": { "line": 142, "column": 10 }, "end": { "line": 142, "column": null } },
        "type": "if",
        "locations": [
          { "start": { "line": 142, "column": 10 }, "end": { "line": 142, "column": null } },
          { "start": {}, "end": {} }
        ],
        "line": 142
      },
      "13": {
        "loc": { "start": { "line": 154, "column": 10 }, "end": { "line": 154, "column": null } },
        "type": "if",
        "locations": [
          { "start": { "line": 154, "column": 10 }, "end": { "line": 154, "column": null } },
          { "start": {}, "end": {} }
        ],
        "line": 154
      },
      "14": {
        "loc": { "start": { "line": 166, "column": 26 }, "end": { "line": 166, "column": null } },
        "type": "cond-expr",
        "locations": [
          { "start": { "line": 166, "column": 49 }, "end": { "line": 166, "column": 63 } },
          { "start": { "line": 166, "column": 63 }, "end": { "line": 166, "column": null } }
        ],
        "line": 166
      }
    },
    "s": {
      "0": 1,
      "1": 1,
      "2": 1,
      "3": 1,
      "4": 0,
      "5": 0,
      "6": 0,
      "7": 0,
      "8": 0,
      "9": 0,
      "10": 2,
      "11": 2,
      "12": 1,
      "13": 0,
      "14": 6,
      "15": 6,
      "16": 4,
      "17": 4,
      "18": 4,
      "19": 1,
      "20": 2,
      "21": 1,
      "22": 0,
      "23": 0,
      "24": 0,
      "25": 0,
      "26": 0,
      "27": 0,
      "28": 0,
      "29": 0,
      "30": 0,
      "31": 0,
      "32": 0,
      "33": 0,
      "34": 0,
      "35": 0,
      "36": 0,
      "37": 0,
      "38": 0,
      "39": 0,
      "40": 0,
      "41": 0,
      "42": 0,
      "43": 0,
      "44": 0,
      "45": 0,
      "46": 0,
      "47": 0,
      "48": 0,
      "49": 0,
      "50": 0,
      "51": 0,
      "52": 10,
      "53": 1,
      "54": 0
    },
    "f": {
      "0": 1,
      "1": 0,
      "2": 0,
      "3": 2,
      "4": 1,
      "5": 0,
      "6": 6,
      "7": 4,
      "8": 1,
      "9": 2,
      "10": 1,
      "11": 0,
      "12": 0,
      "13": 0,
      "14": 10,
      "15": 1,
      "16": 0
    },
    "b": {
      "0": [0, 0],
      "1": [2, 0],
      "2": [2, 2],
      "3": [4, 2],
      "4": [0, 0],
      "5": [0, 0],
      "6": [0, 0],
      "7": [0, 0],
      "8": [0, 0, 0],
      "9": [0, 0],
      "10": [0, 0],
      "11": [0, 0],
      "12": [0, 0],
      "13": [0, 0],
      "14": [0, 0]
    },
    "meta": {
      "lastBranch": 15,
      "lastFunction": 17,
      "lastStatement": 55,
      "seen": {
        "s:7:22:11:Infinity": 0,
        "s:38:28:38:Infinity": 1,
        "s:40:13:192:Infinity": 2,
        "f:42:4:42:5": 0,
        "s:42:19:180:Infinity": 3,
        "f:50:21:50:22": 1,
        "b:51:8:51:Infinity:undefined:undefined:undefined:undefined": 0,
        "s:51:8:51:Infinity": 4,
        "s:51:39:51:Infinity": 5,
        "s:53:25:53:Infinity": 6,
        "s:54:27:54:Infinity": 7,
        "s:56:8:65:Infinity": 8,
        "f:59:33:59:34": 2,
        "s:59:41:63:12": 9,
        "f:68:25:68:26": 3,
        "s:69:33:69:Infinity": 10,
        "s:70:8:73:Infinity": 11,
        "b:72:28:72:74:72:74:72:Infinity": 1,
        "b:72:21:72:27:72:27:72:47": 2,
        "f:75:29:75:30": 4,
        "s:75:47:75:Infinity": 12,
        "f:76:28:76:29": 5,
        "s:76:47:76:Infinity": 13,
        "f:78:14:78:20": 6,
        "s:79:21:79:Infinity": 14,
        "s:80:8:85:Infinity": 15,
        "b:83:19:83:79:83:79:83:Infinity": 3,
        "f:88:17:88:18": 7,
        "s:89:24:89:Infinity": 16,
        "s:90:8:90:Infinity": 17,
        "s:91:8:91:Infinity": 18,
        "f:94:17:94:18": 8,
        "s:95:8:95:Infinity": 19,
        "f:95:38:95:39": 9,
        "s:95:48:95:59": 20,
        "f:98:21:98:27": 10,
        "s:99:8:99:Infinity": 21,
        "f:102:19:102:26": 11,
        "s:103:91:103:Infinity": 22,
        "s:105:25:105:Infinity": 23,
        "b:107:8:119:Infinity:undefined:undefined:undefined:undefined": 4,
        "s:107:8:119:Infinity": 24,
        "b:107:12:107:33:107:33:107:60": 5,
        "s:108:34:116:Infinity": 25,
        "b:117:10:117:Infinity:undefined:undefined:undefined:undefined": 6,
        "s:117:10:117:Infinity": 26,
        "s:117:21:117:Infinity": 27,
        "s:118:10:118:Infinity": 28,
        "b:121:8:121:Infinity:undefined:undefined:undefined:undefined": 7,
        "s:121:8:121:Infinity": 29,
        "s:121:25:121:Infinity": 30,
        "s:123:26:126:Infinity": 31,
        "f:123:41:123:42": 12,
        "s:124:25:124:Infinity": 32,
        "s:125:10:125:Infinity": 33,
        "b:125:17:125:35:125:35:125:57:125:57:125:Infinity": 8,
        "b:127:8:128:Infinity:undefined:undefined:undefined:undefined": 9,
        "s:127:8:128:Infinity": 34,
        "s:128:10:128:Infinity": 35,
        "s:130:8:169:Infinity": 36,
        "s:131:47:139:Infinity": 37,
        "b:135:26:135:45:135:32:135:Infinity": 10,
        "b:141:10:141:Infinity:undefined:undefined:undefined:undefined": 11,
        "s:141:10:141:Infinity": 38,
        "s:141:23:141:Infinity": 39,
        "b:142:10:142:Infinity:undefined:undefined:undefined:undefined": 12,
        "s:142:10:142:Infinity": 40,
        "s:142:19:142:Infinity": 41,
        "s:144:31:151:Infinity": 42,
        "f:144:45:144:46": 13,
        "s:144:56:151:12": 43,
        "s:153:41:153:Infinity": 44,
        "b:154:10:154:Infinity:undefined:undefined:undefined:undefined": 13,
        "s:154:10:154:Infinity": 45,
        "s:154:27:154:Infinity": 46,
        "s:156:10:162:Infinity": 47,
        "s:164:10:164:Infinity": 48,
        "s:166:26:166:Infinity": 49,
        "b:166:49:166:63:166:63:166:Infinity": 14,
        "s:167:10:167:Infinity": 50,
        "s:168:10:168:Infinity": 51,
        "f:172:27:172:Infinity": 14,
        "s:173:8:179:Infinity": 52,
        "f:183:33:183:39": 15,
        "s:183:39:183:51": 53,
        "f:184:18:184:19": 16,
        "s:184:30:189:Infinity": 54
      }
    }
  },
  "/home/franvi/proyecto/pesos/src/shared/lib/brzycki.ts": {
    "path": "/home/franvi/proyecto/pesos/src/shared/lib/brzycki.ts",
    "statementMap": {
      "0": { "start": { "line": 8, "column": 2 }, "end": { "line": 8, "column": null } },
      "1": { "start": { "line": 8, "column": 52 }, "end": { "line": 8, "column": null } },
      "2": { "start": { "line": 9, "column": 2 }, "end": { "line": 9, "column": null } },
      "3": { "start": { "line": 9, "column": 18 }, "end": { "line": 9, "column": null } },
      "4": { "start": { "line": 10, "column": 2 }, "end": { "line": 10, "column": null } }
    },
    "fnMap": {
      "0": {
        "name": "calcular1RM",
        "decl": { "start": { "line": 7, "column": 16 }, "end": { "line": 7, "column": 28 } },
        "loc": { "start": { "line": 7, "column": 66 }, "end": { "line": 11, "column": null } },
        "line": 7
      }
    },
    "branchMap": {
      "0": {
        "loc": { "start": { "line": 8, "column": 2 }, "end": { "line": 8, "column": null } },
        "type": "if",
        "locations": [
          { "start": { "line": 8, "column": 2 }, "end": { "line": 8, "column": null } },
          { "start": {}, "end": {} }
        ],
        "line": 8
      },
      "1": {
        "loc": { "start": { "line": 8, "column": 6 }, "end": { "line": 8, "column": 52 } },
        "type": "binary-expr",
        "locations": [
          { "start": { "line": 8, "column": 6 }, "end": { "line": 8, "column": 17 } },
          { "start": { "line": 8, "column": 17 }, "end": { "line": 8, "column": 26 } },
          { "start": { "line": 8, "column": 26 }, "end": { "line": 8, "column": 41 } },
          { "start": { "line": 8, "column": 41 }, "end": { "line": 8, "column": 52 } }
        ],
        "line": 8
      },
      "2": {
        "loc": { "start": { "line": 9, "column": 2 }, "end": { "line": 9, "column": null } },
        "type": "if",
        "locations": [
          { "start": { "line": 9, "column": 2 }, "end": { "line": 9, "column": null } },
          { "start": {}, "end": {} }
        ],
        "line": 9
      }
    },
    "s": { "0": 9, "1": 4, "2": 5, "3": 2, "4": 3 },
    "f": { "0": 9 },
    "b": { "0": [4, 5], "1": [9, 8, 7, 6], "2": [2, 3] },
    "meta": {
      "lastBranch": 3,
      "lastFunction": 1,
      "lastStatement": 5,
      "seen": {
        "f:7:16:7:28": 0,
        "b:8:2:8:Infinity:undefined:undefined:undefined:undefined": 0,
        "s:8:2:8:Infinity": 0,
        "b:8:6:8:17:8:17:8:26:8:26:8:41:8:41:8:52": 1,
        "s:8:52:8:Infinity": 1,
        "b:9:2:9:Infinity:undefined:undefined:undefined:undefined": 2,
        "s:9:2:9:Infinity": 2,
        "s:9:18:9:Infinity": 3,
        "s:10:2:10:Infinity": 4
      }
    }
  }
}
